<?xml version="1.0" encoding="UTF-8"?>
<testsuite xmlns:xsi="http://www.w3.org/2001/XMLSchema-instance" xsi:noNamespaceSchemaLocation="https://maven.apache.org/surefire/maven-surefire-plugin/xsd/surefire-test-report-3.0.xsd" version="3.0" name="com.backend.gym.controller.proxy.registration.UserManagementControllerRegistrationTest" time="20.628" tests="8" errors="0" skipped="0" failures="0">
  <properties>
[...]
</properties>
  <testcase name="invalidGenderDuringRegistrationWillCauseInvalidNicknameResponse" classname="com.backend.gym.controller.proxy.registration.UserManagementControllerRegistrationTest" time="2.195">
    <system-out><![CDATA[22:09:57.478 [main] INFO org.springframework.test.context.support.AnnotationConfigContextLoaderUtils -- Could not detect default configuration classes for test class [com.backend.gym.controller.proxy.registration.UserManagementControllerRegistrationTest]: UserManagementControllerRegistrationTest does not declare any static, non-private, non-final, nested classes annotated with @Configuration.
22:09:57.635 [main] INFO org.springframework.boot.test.context.SpringBootTestContextBootstrapper -- Found @SpringBootConfiguration com.backend.gym.GymBackendApplication for test class com.backend.gym.controller.proxy.registration.UserManagementControllerRegistrationTest

  .   ____          _            __ _ _
 /\\ / ___'_ __ _ _(_)_ __  __ _ \ \ \ \
( ( )\___ | '_ | '_| | '_ \/ _` | \ \ \ \
 \\/  ___)| |_)| | | | | || (_| |  ) ) ) )
  '  |____| .__|_| |_|_| |_\__, | / / / /
 =========|_|==============|___/=/_/_/_/
 :: Spring Boot ::                (v3.1.3)

2024-06-18T22:09:58.198+02:00  INFO 10421 --- [           main] UserManagementControllerRegistrationTest : Starting UserManagementControllerRegistrationTest using Java 21.0.1 with PID 10421 (started by igormier in /Users/igormier/IdeaProjects/gym_server/gym-backend/gym-backend-starter)
2024-06-18T22:09:58.200+02:00  INFO 10421 --- [           main] UserManagementControllerRegistrationTest : No active profile set, falling back to 1 default profile: "default"
2024-06-18T22:09:58.940+02:00  INFO 10421 --- [           main] .s.d.r.c.RepositoryConfigurationDelegate : Bootstrapping Spring Data JPA repositories in DEFAULT mode.
2024-06-18T22:09:59.034+02:00  INFO 10421 --- [           main] .s.d.r.c.RepositoryConfigurationDelegate : Finished Spring Data repository scanning in 80 ms. Found 1 JPA repository interfaces.
2024-06-18T22:10:00.931+02:00  INFO 10421 --- [           main] o.hibernate.jpa.internal.util.LogHelper  : HHH000204: Processing PersistenceUnitInfo [name: default]
2024-06-18T22:10:01.132+02:00  INFO 10421 --- [           main] org.hibernate.Version                    : HHH000412: Hibernate ORM core version 6.2.7.Final
2024-06-18T22:10:01.137+02:00  INFO 10421 --- [           main] org.hibernate.cfg.Environment            : HHH000406: Using bytecode reflection optimizer
2024-06-18T22:10:01.429+02:00  INFO 10421 --- [           main] o.h.b.i.BytecodeProviderInitiator        : HHH000021: Bytecode provider name : bytebuddy
2024-06-18T22:10:02.214+02:00  INFO 10421 --- [           main] o.s.o.j.p.SpringPersistenceUnitInfo      : No LoadTimeWeaver setup: ignoring JPA class transformer
2024-06-18T22:10:02.345+02:00  INFO 10421 --- [           main] com.zaxxer.hikari.HikariDataSource       : HikariPool-1 - Starting...
2024-06-18T22:10:03.307+02:00  INFO 10421 --- [           main] com.zaxxer.hikari.pool.HikariPool        : HikariPool-1 - Added connection org.postgresql.jdbc.PgConnection@658e7ead
2024-06-18T22:10:03.310+02:00  INFO 10421 --- [           main] com.zaxxer.hikari.HikariDataSource       : HikariPool-1 - Start completed.
2024-06-18T22:10:04.024+02:00  INFO 10421 --- [           main] o.h.b.i.BytecodeProviderInitiator        : HHH000021: Bytecode provider name : bytebuddy
2024-06-18T22:10:08.290+02:00  INFO 10421 --- [           main] o.h.e.t.j.p.i.JtaPlatformInitiator       : HHH000490: Using JtaPlatform implementation: [org.hibernate.engine.transaction.jta.platform.internal.NoJtaPlatform]
2024-06-18T22:10:08.294+02:00  INFO 10421 --- [           main] j.LocalContainerEntityManagerFactoryBean : Initialized JPA EntityManagerFactory for persistence unit 'default'
2024-06-18T22:10:09.667+02:00  WARN 10421 --- [           main] JpaBaseConfiguration$JpaWebConfiguration : spring.jpa.open-in-view is enabled by default. Therefore, database queries may be performed during view rendering. Explicitly configure spring.jpa.open-in-view to disable this warning
2024-06-18T22:10:10.400+02:00  INFO 10421 --- [           main] o.s.s.web.DefaultSecurityFilterChain     : Will secure any request with [org.springframework.security.web.session.DisableEncodeUrlFilter@674fd531, org.springframework.security.web.context.request.async.WebAsyncManagerIntegrationFilter@7f53b345, org.springframework.security.web.context.SecurityContextHolderFilter@2c51c756, org.springframework.security.web.header.HeaderWriterFilter@1477d4e6, org.springframework.security.web.authentication.logout.LogoutFilter@1b120d48, gym.mmt.auth.config.JwtAuthFilter@38b0e2a7, org.springframework.security.web.savedrequest.RequestCacheAwareFilter@1ddc889b, org.springframework.security.web.servletapi.SecurityContextHolderAwareRequestFilter@5ec3689b, org.springframework.security.web.authentication.AnonymousAuthenticationFilter@76ee7301, org.springframework.security.web.session.SessionManagementFilter@78a34c47, org.springframework.security.web.access.ExceptionTranslationFilter@691a5c3a, org.springframework.security.web.access.intercept.AuthorizationFilter@27b7e663]
2024-06-18T22:10:13.425+02:00  INFO 10421 --- [           main] UserManagementControllerRegistrationTest : Started UserManagementControllerRegistrationTest in 15.449 seconds (process running for 17.211)
]]></system-out>
    <system-err><![CDATA[WARNING: A Java agent has been loaded dynamically (/Users/igormier/.m2/repository/net/bytebuddy/byte-buddy-agent/1.14.6/byte-buddy-agent-1.14.6.jar)
WARNING: If a serviceability tool is in use, please run with -XX:+EnableDynamicAgentLoading to hide this warning
WARNING: If a serviceability tool is not in use, please run with -Djdk.instrument.traceUsage for more information
WARNING: Dynamic loading of agents will be disallowed by default in a future release
]]></system-err>
  </testcase>
  <testcase name="registeringUserWithTheSameValidDataTwiceWillCauseGivenUserAlreadyExistError" classname="com.backend.gym.controller.proxy.registration.UserManagementControllerRegistrationTest" time="0.886">
    <system-out><![CDATA[2024-06-18T22:10:15.665+02:00  INFO 10421 --- [           main] c.g.u.r.s.processor.UserAuthProcessor    : Starting processing registration new user account with data: ValidUserRegistrationRequest{password='*******', passwordMatcher='*******', mail='Hdu3Lv8AzD.UWlaLWlpjA@gmail.com', nickname='wANawjadac', gender=MAN}
2024-06-18T22:10:16.290+02:00  INFO 10421 --- [           main] c.g.u.r.c.r.UserRegistrationResponseDto  : User account created successfully. Provisioned user: UserRegistrationResponseDto{id=8eb42516-563c-407e-8863-df14a382adcd, mail='Hdu3Lv8AzD.UWlaLWlpjA@gmail.com', nickname='wANawjadac', gender=MAN, role=MEMBER}
2024-06-18T22:10:16.426+02:00  INFO 10421 --- [           main] c.g.u.r.s.processor.UserAuthProcessor    : Starting processing registration new user account with data: ValidUserRegistrationRequest{password='*******', passwordMatcher='*******', mail='Hdu3Lv8AzD.UWlaLWlpjA@gmail.com', nickname='wANawjadac', gender=MAN}
2024-06-18T22:10:16.541+02:00 ERROR 10421 --- [           main] c.g.u.r.s.processor.UserAuthProcessor    : End of processing registration new user account with data: ValidUserRegistrationRequest{password='*******', passwordMatcher='*******', mail='Hdu3Lv8AzD.UWlaLWlpjA@gmail.com', nickname='wANawjadac', gender=MAN}, with error: 100050
]]></system-out>
  </testcase>
  <testcase name="invalidPasswordDuringRegistrationWillCauseInvalidNicknameResponse" classname="com.backend.gym.controller.proxy.registration.UserManagementControllerRegistrationTest" time="0.021"/>
  <testcase name="nullableGenderForRegistrationCausesValidResponse" classname="com.backend.gym.controller.proxy.registration.UserManagementControllerRegistrationTest" time="0.516">
    <system-out><![CDATA[2024-06-18T22:10:16.616+02:00  INFO 10421 --- [           main] c.g.u.r.s.processor.UserAuthProcessor    : Starting processing registration new user account with data: ValidUserRegistrationRequest{password='*******', passwordMatcher='*******', mail='ZnUxvrViIb.UCnhXu8Opz@gmail.com', nickname='XVX9fMNHhY', gender=UNKNOWN}
2024-06-18T22:10:17.055+02:00  INFO 10421 --- [           main] c.g.u.r.c.r.UserRegistrationResponseDto  : User account created successfully. Provisioned user: UserRegistrationResponseDto{id=dcb4c64d-0bd5-45fe-944c-4c6c2641d165, mail='ZnUxvrViIb.UCnhXu8Opz@gmail.com', nickname='XVX9fMNHhY', gender=UNKNOWN, role=MEMBER}
]]></system-out>
  </testcase>
  <testcase name="invalidNicknameDuringRegistrationWillCauseInvalidNicknameResponse" classname="com.backend.gym.controller.proxy.registration.UserManagementControllerRegistrationTest" time="0.029"/>
  <testcase name="passwordWhichDoesNotMatchDuringRegistrationWillCauseInvalidNicknameResponse" classname="com.backend.gym.controller.proxy.registration.UserManagementControllerRegistrationTest" time="0.04"/>
  <testcase name="invalidMailDuringRegistrationWillCauseInvalidNicknameResponse" classname="com.backend.gym.controller.proxy.registration.UserManagementControllerRegistrationTest" time="0.082"/>
  <testcase name="validDataForRegistrationCausesValidResponse" classname="com.backend.gym.controller.proxy.registration.UserManagementControllerRegistrationTest" time="0.476">
    <system-out><![CDATA[2024-06-18T22:10:17.290+02:00  INFO 10421 --- [           main] c.g.u.r.s.processor.UserAuthProcessor    : Starting processing registration new user account with data: ValidUserRegistrationRequest{password='*******', passwordMatcher='*******', mail='3ZMwGoHK2O.iNpRbYh7gn@gmail.com', nickname='YIRjF1GOXf', gender=MAN}
2024-06-18T22:10:17.671+02:00  INFO 10421 --- [           main] c.g.u.r.c.r.UserRegistrationResponseDto  : User account created successfully. Provisioned user: UserRegistrationResponseDto{id=65814600-bcf7-467a-9e50-df86aa386994, mail='3ZMwGoHK2O.iNpRbYh7gn@gmail.com', nickname='YIRjF1GOXf', gender=MAN, role=MEMBER}
]]></system-out>
  </testcase>
</testsuite>