<?xml version="1.0" encoding="UTF-8"?>
<testsuite xmlns:xsi="http://www.w3.org/2001/XMLSchema-instance" xsi:noNamespaceSchemaLocation="https://maven.apache.org/surefire/maven-surefire-plugin/xsd/surefire-test-report-3.0.xsd" version="3.0" name="com.gym.bdd.tests.RunCucumberTest" time="20.012" tests="6" errors="0" skipped="0" failures="0">
  <properties>
[...]
</properties>
  <testcase name="user uses &apos;FIRST&apos; user valid login data and loggs in" classname="User with correct credentials can register" time="7.173"/>
  <testcase name="" classname="User with correct credentials can register" time="7.415"/>
  <testcase name="" classname="User with correct credentials can register" time="0.327"/>
  <testcase name="valid &apos;FIRST&apos; user registration data" classname="User with correct credentials can register" time="0.007"/>
  <testcase name="&apos;FIRST&apos; user registers with valid data" classname="User with correct credentials can register" time="0.294"/>
  <testcase name="server sends &lt;201&gt; status code to &apos;FIRST&apos; user" classname="User with correct credentials can register" time="0.302"/>
</testsuite>