<?xml version="1.0" encoding="UTF-8"?>
<testsuite xmlns:xsi="http://www.w3.org/2001/XMLSchema-instance" xsi:noNamespaceSchemaLocation="https://maven.apache.org/surefire/maven-surefire-plugin/xsd/surefire-test-report-3.0.xsd" version="3.0" name="com.backend.gym.service.processor.UserRegistrationProcessorTest" time="0.64" tests="1" errors="0" skipped="0" failures="0">
  <properties>
[...]
</properties>
  <testcase name="creatingNewAccountWithUniqueData_causesCreatedResponse" classname="com.backend.gym.service.processor.UserRegistrationProcessorTest" time="0.616">
    <system-out><![CDATA[2024-06-03T18:33:58.099+02:00  INFO 41429 --- [           main] c.b.g.s.processor.UserAuthProcessor      : Starting processing registration new user account with data: ValidUserRegistrationRequest{password='*******', passwordMatcher='*******', mail='random.mail@example.com', nickname='randomNickName', gender=MAN}
]]></system-out>
  </testcase>
</testsuite>