<?xml version="1.0" encoding="UTF-8" standalone="no"?><testsuite errors="0" failures="0" name="registration" skipped="0" tests="10" time="0.13" timestamp="2024-10-11 06:46:42"><testcase name="User with correct credentials can register providing his gender"/><testcase name="User with correct credentials can register without providing his gender"/><testcase name="User with correct credentials cannot register providing different passwords"/><testcase name="User with correct credentials cannot register without providing his mail"/><testcase name="User with correct credentials cannot register without providing his nickname"/><testcase name="User with incorrect password cannot register successfully"/><testcase name="User with invalid gender cannot register successfully"/><testcase name="User with correct credentials cannot register twice providing his gender"/><testcase name="User with correct credentials cannot register twice not providing his gender"/><testcase name="User with correct credentials cannot register once providing his gender and once not providing his gender"/></testsuite>