<?xml version="1.0" encoding="UTF-8"?>
<testsuite xmlns:xsi="http://www.w3.org/2001/XMLSchema-instance" xsi:noNamespaceSchemaLocation="https://maven.apache.org/surefire/maven-surefire-plugin/xsd/surefire-test-report-3.0.xsd" version="3.0" name="com.backend.gym.common.response.MMTResponseCreatorTest" time="0.143" tests="5" errors="0" skipped="0" failures="0">
  <properties>
[...]
</properties>
  <testcase name="flashCardResponseCreator__canInclude__BADREQUEST" classname="com.backend.gym.common.response.MMTResponseCreatorTest" time="0.099"/>
  <testcase name="flashCardResponseCreator__canInclude__CONFLICT" classname="com.backend.gym.common.response.MMTResponseCreatorTest" time="0.005"/>
  <testcase name="flashCardResponseCreator__canInclude__CREATED" classname="com.backend.gym.common.response.MMTResponseCreatorTest" time="0.002"/>
  <testcase name="flashCardResponseCreator__canInclude__OK" classname="com.backend.gym.common.response.MMTResponseCreatorTest" time="0.001"/>
  <testcase name="flashCardResponseCreator__canInclude__NOTFOUND" classname="com.backend.gym.common.response.MMTResponseCreatorTest" time="0.001"/>
</testsuite>